[2025-06-20 18:01:47] This is codeql execute queries -J-Xmx1366M --verbosity=progress --logdir=/home/unina/Scrivania/SoftwareSecurity/elaborato/NodeGoat/nodegoat-db/log --evaluator-log-level=5 --warnings=show --qlconfig-file=/home/unina/Scrivania/SoftwareSecurity/elaborato/NodeGoat/qlconfig.yml --dynamic-join-order-mode=none --no-rerun --interpret-passthrough=null,--format=sarifv2.1.0,-o=/home/unina/Scrivania/SoftwareSecurity/elaborato/NodeGoat/results.sarif,--max-paths=4,--csv-location-format=line-column,--print-diagnostics-summary,--print-metrics-summary,--qlconfig-file=/home/unina/Scrivania/SoftwareSecurity/elaborato/NodeGoat/qlconfig.yml,--,/home/unina/Scrivania/SoftwareSecurity/elaborato/NodeGoat/nodegoat-db,github/codeql/javascript/ql/src/codeql-suites/javascript-code-scanning.qls --output=/home/unina/Scrivania/SoftwareSecurity/elaborato/NodeGoat/nodegoat-db/results -- /home/unina/Scrivania/SoftwareSecurity/elaborato/NodeGoat/nodegoat-db/db-javascript github/codeql/javascript/ql/src/codeql-suites/javascript-code-scanning.qls
[2025-06-20 18:01:47] Calling plumbing command: codeql resolve queries --qlconfig-file=/home/unina/Scrivania/SoftwareSecurity/elaborato/NodeGoat/qlconfig.yml --format=json -- github/codeql/javascript/ql/src/codeql-suites/javascript-code-scanning.qls
[2025-06-20 18:01:48] Exception caught at top level: github/codeql/javascript/ql/src/codeql-suites/javascript-code-scanning.qls is not a .ql file, .qls file, a directory, or a query pack specification.
                      com.semmle.cli2.resolve.ResolveQueriesCommand.resolveQuerySpecifier(ResolveQueriesCommand.java:305)
                      com.semmle.cli2.resolve.ResolveQueriesCommand.executeJSON(ResolveQueriesCommand.java:211)
                      com.semmle.cli2.resolve.ResolveQueriesCommand.executeJSON(ResolveQueriesCommand.java:68)
                      com.semmle.cli2.picocli.SimpleJsonSubcommand.executeInsistingOnJSONWithExistingMessages(SimpleJsonSubcommand.java:121)
                      com.semmle.cli2.picocli.SubcommandCommon.withCompilationMessages(SubcommandCommon.java:444)
                      com.semmle.cli2.picocli.SimpleJsonSubcommand.executeInsistingOnJSON(SimpleJsonSubcommand.java:110)
                      com.semmle.cli2.picocli.PlumbingRunner.call(PlumbingRunner.java:61)
                      com.semmle.cli2.picocli.SubcommandCommon.callPlumbingInProcess(SubcommandCommon.java:170)
                      com.semmle.cli2.execute.ExecuteQueriesCommand.executeSubcommand(ExecuteQueriesCommand.java:424)
                      com.semmle.cli2.picocli.SubcommandCommon.lambda$executeSubcommandWithMessages$5(SubcommandCommon.java:892)
                      com.semmle.cli2.picocli.SubcommandCommon.withCompilationMessages(SubcommandCommon.java:444)
                      com.semmle.cli2.picocli.SubcommandCommon.executeSubcommandWithMessages(SubcommandCommon.java:890)
                      com.semmle.cli2.picocli.SubcommandCommon.toplevelMain(SubcommandCommon.java:777)
                      com.semmle.cli2.picocli.SubcommandCommon.call(SubcommandCommon.java:757)
                      com.semmle.cli2.picocli.SubcommandMaker.runMain(SubcommandMaker.java:238)
                      com.semmle.cli2.picocli.SubcommandMaker.runMain(SubcommandMaker.java:259)
                      com.semmle.cli2.CodeQL.main(CodeQL.java:115)
